[2025-10-06 15:52:06] [INFO] System: BatteryIQ application started
[2025-10-06 15:52:11] [INFO] System: BatteryIQ application started
[2025-10-06 15:52:11] [INFO] System: BatteryIQ application started
[2025-10-06 15:52:18] [INFO] System: BatteryIQ application started
[2025-10-06 15:52:18] [INFO] Authentication: Login attempt for user: admin
[2025-10-06 15:52:19] [INFO] Authentication: Successful login for user: admin (Role: admin)
[2025-10-06 15:52:20] [INFO] System: BatteryIQ application started
[2025-10-06 15:52:20] [INFO] Navigation: User admin accessing admin dashboard
[2025-10-06 15:52:20] [INFO] Cache: Fetching system statistics
[2025-10-06 15:52:20] [INFO] Cache: Successfully fetched system statistics
[2025-10-06 15:52:20] [INFO] Cache: Fetching clients from database
[2025-10-06 15:52:20] [INFO] Cache: Successfully fetched 2 clients
[2025-10-06 15:52:21] [INFO] Telemetry Monitor: Loading telemetry monitor
[2025-10-06 15:52:21] [INFO] Cache: Fetching devices for client 1
[2025-10-06 15:52:21] [INFO] Cache: Successfully fetched 1 devices
[2025-10-06 15:52:21] [INFO] Cache: Fetching devices for client 2
[2025-10-06 15:52:21] [INFO] Cache: Successfully fetched 0 devices
[2025-10-06 15:52:21] [INFO] Data Gallery: User admin (admin) accessed data gallery
[2025-10-06 15:52:21] [INFO] Cache: Fetching clients from database
[2025-10-06 15:52:21] [INFO] Cache: Successfully fetched 2 clients
[2025-10-06 15:52:21] [INFO] Data Gallery: Admin admin accessing all data
[2025-10-06 15:52:21] [INFO] Data Gallery: User admin (admin) viewing 5 datasets
[2025-10-06 15:52:21] [INFO] Cache: Fetching locations for client 1
[2025-10-06 15:52:21] [INFO] Cache: Successfully fetched 1 locations
[2025-10-06 15:52:21] [INFO] Cache: Fetching locations for client 2
[2025-10-06 15:52:21] [INFO] Cache: Successfully fetched 0 locations
[2025-10-06 15:52:40] [INFO] System: BatteryIQ application started
[2025-10-06 15:52:40] [INFO] Navigation: User admin accessing admin dashboard
[2025-10-06 15:52:40] [INFO] Telemetry Monitor: Loading telemetry monitor
[2025-10-06 15:52:40] [INFO] Data Gallery: User admin (admin) accessed data gallery
[2025-10-06 15:52:41] [INFO] Data Gallery: Admin admin accessing all data
[2025-10-06 15:52:41] [INFO] Data Gallery: User admin (admin) viewing 5 datasets
[2025-10-06 15:53:04] [INFO] System: BatteryIQ application started
[2025-10-06 15:53:04] [INFO] Navigation: User admin accessing admin dashboard
[2025-10-06 15:53:05] [INFO] System: BatteryIQ application started
[2025-10-06 15:53:06] [INFO] System: BatteryIQ application started
[2025-10-06 15:53:07] [INFO] System: BatteryIQ application started
[2025-10-06 15:53:17] [INFO] System: BatteryIQ application started
[2025-10-06 15:53:17] [INFO] Authentication: Login attempt for user: scientist
[2025-10-06 15:53:18] [INFO] Authentication: Successful login for user: scientist (Role: scientist)
[2025-10-06 15:53:19] [INFO] System: BatteryIQ application started
[2025-10-06 15:53:19] [INFO] Navigation: User scientist accessing scientist dashboard
[2025-10-06 15:53:19] [INFO] Telemetry Monitor: Loading telemetry monitor
[2025-10-06 15:53:26] [INFO] System: BatteryIQ application started
[2025-10-06 15:53:26] [INFO] Navigation: User scientist accessing scientist dashboard
[2025-10-06 15:53:26] [INFO] System: BatteryIQ application started
[2025-10-06 15:56:40] [INFO] System: BatteryIQ application started
[2025-10-06 15:56:44] [INFO] System: BatteryIQ application started
[2025-10-06 15:56:44] [INFO] System: BatteryIQ application started
[2025-10-06 15:56:53] [INFO] System: BatteryIQ application started
[2025-10-06 15:56:53] [INFO] Authentication: Login attempt for user: guest
[2025-10-06 15:56:54] [INFO] Authentication: Successful login for user: guest (Role: guest)
[2025-10-06 15:56:54] [INFO] System: BatteryIQ application started
[2025-10-06 15:56:54] [INFO] Data Gallery: User guest (guest) accessed data gallery
[2025-10-06 15:56:55] [INFO] Cache: Fetching clients from database
[2025-10-06 15:56:55] [INFO] Cache: Successfully fetched 2 clients
[2025-10-06 15:56:55] [INFO] Data Gallery: Guest guest accessing public data
[2025-10-06 15:56:55] [INFO] Data Gallery: User guest (guest) viewing 0 datasets
[2025-10-06 15:57:15] [INFO] System: BatteryIQ application started
[2025-10-06 15:57:19] [INFO] System: BatteryIQ application started
[2025-10-06 15:57:19] [INFO] System: BatteryIQ application started
[2025-10-06 15:58:51] [INFO] System: BatteryIQ application started
[2025-10-06 16:01:04] [INFO] System: BatteryIQ application started
[2025-10-06 16:01:04] [INFO] System: BatteryIQ application started
[2025-10-06 16:01:37] [INFO] System: BatteryIQ application started
[2025-10-06 16:01:41] [INFO] System: BatteryIQ application started
[2025-10-06 16:01:41] [INFO] System: BatteryIQ application started
[2025-10-06 16:01:43] [INFO] System: BatteryIQ application started
[2025-10-06 16:01:43] [INFO] Test Authentication: Test Login
[2025-10-06 16:01:43] [INFO] Authentication:  Successful login for user: admin (Role: admin)
[2025-10-06 16:01:44] [INFO] System: BatteryIQ application started
[2025-10-06 16:01:44] [INFO] Data Gallery: User admin (admin) accessed data gallery
[2025-10-06 16:01:44] [INFO] Cache: Fetching clients from database
[2025-10-06 16:01:44] [INFO] Cache: Successfully fetched 2 clients
[2025-10-06 16:01:44] [INFO] Data Gallery: Admin admin accessing all data
[2025-10-06 16:01:44] [INFO] Data Gallery: User admin (admin) viewing 5 datasets
[2025-10-06 16:01:50] [INFO] System: BatteryIQ application started
[2025-10-06 16:01:50] [INFO] Data Gallery: User admin (admin) accessed data gallery
[2025-10-06 16:01:50] [INFO] Data Gallery: Admin admin accessing all data
[2025-10-06 16:01:50] [INFO] Data Gallery: User admin (admin) viewing 5 datasets
[2025-10-06 16:02:01] [INFO] System: BatteryIQ application started
[2025-10-06 16:02:01] [INFO] Data Gallery: User admin (admin) accessed data gallery
[2025-10-06 16:02:01] [INFO] Data Gallery: Admin admin accessing all data
[2025-10-06 16:02:01] [INFO] Data Gallery: User admin (admin) viewing 5 datasets
[2025-10-06 16:02:10] [INFO] System: BatteryIQ application started
[2025-10-06 16:02:10] [INFO] Data Gallery: User admin (admin) accessed data gallery
[2025-10-06 16:02:11] [INFO] Data Gallery: Admin admin accessing all data
[2025-10-06 16:02:11] [INFO] Data Gallery: User admin (admin) viewing 5 datasets
[2025-10-06 16:02:16] [INFO] System: BatteryIQ application started
[2025-10-06 16:02:16] [INFO] Data Gallery: User admin (admin) accessed data gallery
[2025-10-06 16:02:17] [INFO] Data Gallery: Guest None accessing public data
[2025-10-06 16:02:17] [INFO] Data Gallery: User None (None) viewing 0 datasets
[2025-10-06 16:02:19] [INFO] System: BatteryIQ application started
[2025-10-06 16:02:22] [INFO] System: BatteryIQ application started
[2025-10-06 16:02:22] [INFO] System: BatteryIQ application started
[2025-10-06 16:02:26] [INFO] System: BatteryIQ application started
[2025-10-06 16:02:27] [INFO] System: BatteryIQ application started
[2025-10-06 16:02:27] [INFO] Test Authentication: Test Login
[2025-10-06 16:02:27] [INFO] Authentication:  Successful login for user: scientist (Role: scientist)
[2025-10-06 16:02:28] [INFO] System: BatteryIQ application started
[2025-10-06 16:02:28] [INFO] Data Gallery: User scientist (scientist) accessed data gallery
[2025-10-06 16:02:28] [INFO] Data Gallery: Scientist scientist accessing research data
[2025-10-06 16:02:28] [INFO] Data Gallery: User scientist (scientist) viewing 5 datasets
[2025-10-06 16:02:49] [INFO] System: BatteryIQ application started
[2025-10-06 16:02:49] [INFO] Data Gallery: User scientist (scientist) accessed data gallery
[2025-10-06 16:02:49] [INFO] Data Gallery: Guest None accessing public data
[2025-10-06 16:02:49] [INFO] Data Gallery: User None (None) viewing 0 datasets
[2025-10-06 16:02:51] [INFO] System: BatteryIQ application started
[2025-10-06 16:02:56] [INFO] System: BatteryIQ application started
[2025-10-06 16:02:56] [INFO] System: BatteryIQ application started
[2025-10-06 16:03:00] [INFO] System: BatteryIQ application started
[2025-10-06 16:03:01] [INFO] System: BatteryIQ application started
[2025-10-06 16:03:01] [INFO] Test Authentication: Test Login
[2025-10-06 16:03:01] [INFO] Authentication:  Successful login for user: client (Role: client)
[2025-10-06 16:03:02] [INFO] System: BatteryIQ application started
[2025-10-06 16:03:02] [INFO] Data Gallery: User client (client) accessed data gallery
[2025-10-06 16:03:02] [INFO] Data Gallery: Client client accessing organization data
[2025-10-06 16:03:02] [INFO] Data Gallery: User client (client) viewing 1 datasets
[2025-10-06 16:03:16] [INFO] System: BatteryIQ application started
[2025-10-06 16:03:16] [INFO] Data Gallery: User client (client) accessed data gallery
[2025-10-06 16:03:16] [INFO] Data Gallery: Guest None accessing public data
[2025-10-06 16:03:16] [INFO] Data Gallery: User None (None) viewing 0 datasets
[2025-10-06 16:12:47] [INFO] System: BatteryIQ application started
[2025-10-06 16:12:59] [INFO] System: BatteryIQ application started
[2025-10-06 16:13:00] [INFO] System: BatteryIQ application started
[2025-10-06 16:13:04] [INFO] System: BatteryIQ application started
[2025-10-06 16:13:05] [INFO] System: BatteryIQ application started
[2025-10-06 16:13:05] [INFO] Test Authentication: Test Login
[2025-10-06 16:13:05] [INFO] Authentication:  Successful login for user: client (Role: client)
[2025-10-06 16:13:05] [INFO] System: BatteryIQ application started
[2025-10-06 16:13:05] [INFO] Data Gallery: User client (client) accessed data gallery
[2025-10-06 16:13:05] [INFO] Cache: Fetching clients from database
[2025-10-06 16:13:05] [INFO] Cache: Successfully fetched 2 clients
[2025-10-06 16:13:05] [INFO] Data Gallery: Client client accessing organization data
[2025-10-06 16:13:05] [INFO] Data Gallery: User client (client) viewing 1 datasets
[2025-10-06 16:14:51] [INFO] System: BatteryIQ application started
[2025-10-06 16:14:56] [INFO] System: BatteryIQ application started
[2025-10-06 16:14:57] [INFO] System: BatteryIQ application started
[2025-10-06 16:15:01] [INFO] System: BatteryIQ application started
[2025-10-06 16:15:05] [INFO] System: BatteryIQ application started
[2025-10-06 16:15:05] [INFO] System: BatteryIQ application started
[2025-10-06 16:15:23] [INFO] System: BatteryIQ application started
[2025-10-06 16:15:23] [INFO] Authentication: Login attempt for user: admin
[2025-10-06 16:15:24] [INFO] Authentication: Successful login for user: admin (Role: admin)
[2025-10-06 16:15:25] [INFO] System: BatteryIQ application started
[2025-10-06 16:15:25] [INFO] Data Gallery: User admin (admin) accessed data gallery
[2025-10-06 16:15:25] [INFO] Cache: Fetching clients from database
[2025-10-06 16:15:25] [INFO] Cache: Successfully fetched 2 clients
[2025-10-06 16:15:25] [INFO] Data Gallery: Admin admin accessing all data
[2025-10-06 16:15:25] [INFO] Data Gallery: User admin (admin) viewing 5 datasets
[2025-10-06 16:16:04] [INFO] System: BatteryIQ application started
[2025-10-06 16:16:16] [INFO] System: BatteryIQ application started
[2025-10-06 16:16:17] [INFO] System: BatteryIQ application started
[2025-10-06 16:16:20] [INFO] System: BatteryIQ application started
[2025-10-06 16:16:24] [INFO] System: BatteryIQ application started
[2025-10-06 16:16:24] [INFO] System: BatteryIQ application started
[2025-10-06 16:16:37] [INFO] System: BatteryIQ application started
[2025-10-06 16:16:37] [INFO] Authentication: Login attempt for user: admin
[2025-10-06 16:16:38] [INFO] Authentication: Successful login for user: admin (Role: admin)
[2025-10-06 16:16:39] [INFO] System: BatteryIQ application started
[2025-10-06 16:16:39] [INFO] Navigation: User admin accessing admin dashboard
[2025-10-06 16:16:39] [INFO] Cache: Fetching system statistics
[2025-10-06 16:16:39] [INFO] Cache: Successfully fetched system statistics
[2025-10-06 16:16:39] [INFO] Cache: Fetching clients from database
[2025-10-06 16:16:39] [INFO] Cache: Successfully fetched 2 clients
[2025-10-06 16:16:39] [INFO] Telemetry Monitor: Loading telemetry monitor
[2025-10-06 16:16:39] [INFO] Cache: Fetching devices for client 1
[2025-10-06 16:16:39] [INFO] Cache: Successfully fetched 1 devices
[2025-10-06 16:16:39] [INFO] Cache: Fetching devices for client 2
[2025-10-06 16:16:39] [INFO] Cache: Successfully fetched 0 devices
[2025-10-06 16:16:39] [INFO] Data Gallery: User admin (admin) accessed data gallery
[2025-10-06 16:16:39] [ERROR] Main: Critical error in main router: There are multiple `button` elements with the same auto-generated ID. When this element is created, it is assigned an internal ID based on the element type and provided parameters. Multiple elements with the same type and parameters will cause this error.

To fix this error, please pass a unique `key` argument to the `button` element.
[2025-10-06 21:12:09] [INFO] System: BatteryIQ application started
[2025-10-06 21:12:15] [INFO] System: BatteryIQ application started
[2025-10-06 21:12:15] [INFO] System: BatteryIQ application started
[2025-10-06 21:12:23] [INFO] System: BatteryIQ application started
[2025-10-06 21:12:23] [INFO] Authentication: Login attempt for user: admin
[2025-10-06 21:12:24] [INFO] Authentication: Successful login for user: admin (Role: admin)
[2025-10-06 21:12:24] [INFO] System: BatteryIQ application started
[2025-10-06 21:12:24] [INFO] Navigation: User admin accessing admin dashboard
[2025-10-06 21:12:24] [INFO] Cache: Fetching system statistics
[2025-10-06 21:12:24] [INFO] Cache: Successfully fetched system statistics
[2025-10-06 21:12:24] [INFO] Cache: Fetching clients from database
[2025-10-06 21:12:24] [INFO] Cache: Successfully fetched 2 clients
[2025-10-06 21:12:25] [INFO] Telemetry Monitor: Loading telemetry monitor
[2025-10-06 21:12:25] [INFO] Cache: Fetching devices for client 1
[2025-10-06 21:12:25] [INFO] Cache: Successfully fetched 1 devices
[2025-10-06 21:12:25] [INFO] Cache: Fetching devices for client 2
[2025-10-06 21:12:25] [INFO] Cache: Successfully fetched 0 devices
[2025-10-06 21:12:25] [INFO] Data Gallery: User admin (admin) accessed data gallery
[2025-10-06 21:12:25] [ERROR] Main: Critical error in main router: There are multiple `button` elements with the same auto-generated ID. When this element is created, it is assigned an internal ID based on the element type and provided parameters. Multiple elements with the same type and parameters will cause this error.

To fix this error, please pass a unique `key` argument to the `button` element.
[2025-10-06 21:13:39] [INFO] System: BatteryIQ application started
[2025-10-06 21:13:42] [INFO] System: BatteryIQ application started
[2025-10-06 21:13:43] [INFO] System: BatteryIQ application started
[2025-10-06 21:13:44] [INFO] System: BatteryIQ application started
[2025-10-06 21:13:44] [INFO] Test Authentication: Test Login
[2025-10-06 21:13:44] [INFO] Authentication:  Successful login for user: admin (Role: admin)
[2025-10-06 21:13:45] [INFO] System: BatteryIQ application started
[2025-10-06 21:13:45] [INFO] Navigation: User admin accessing admin dashboard
[2025-10-06 21:13:45] [INFO] Cache: Fetching system statistics
[2025-10-06 21:13:45] [INFO] Cache: Successfully fetched system statistics
[2025-10-06 21:13:45] [INFO] Telemetry Monitor: Loading telemetry monitor
[2025-10-06 21:13:45] [INFO] Data Gallery: User admin (admin) accessed data gallery
[2025-10-06 21:13:45] [ERROR] Main: Critical error in main router: There are multiple `button` elements with the same auto-generated ID. When this element is created, it is assigned an internal ID based on the element type and provided parameters. Multiple elements with the same type and parameters will cause this error.

To fix this error, please pass a unique `key` argument to the `button` element.
[2025-10-06 21:13:56] [INFO] System: BatteryIQ application started
[2025-10-06 21:13:59] [INFO] System: BatteryIQ application started
[2025-10-06 21:14:00] [INFO] System: BatteryIQ application started
[2025-10-06 21:14:01] [INFO] System: BatteryIQ application started
[2025-10-06 21:14:01] [INFO] Test Authentication: Test Login
[2025-10-06 21:14:01] [INFO] Authentication:  Successful login for user: admin (Role: admin)
[2025-10-06 21:14:02] [INFO] System: BatteryIQ application started
[2025-10-06 21:14:02] [INFO] Navigation: User admin accessing admin dashboard
[2025-10-06 21:14:02] [INFO] Telemetry Monitor: Loading telemetry monitor
[2025-10-06 21:14:02] [INFO] Data Gallery: User admin (admin) accessed data gallery
[2025-10-06 21:14:02] [ERROR] Main: Critical error in main router: There are multiple `button` elements with the same auto-generated ID. When this element is created, it is assigned an internal ID based on the element type and provided parameters. Multiple elements with the same type and parameters will cause this error.

To fix this error, please pass a unique `key` argument to the `button` element.
[2025-10-06 21:14:38] [INFO] System: BatteryIQ application started
[2025-10-06 21:15:03] [INFO] System: BatteryIQ application started
[2025-10-06 21:15:03] [INFO] System: BatteryIQ application started
[2025-10-06 21:15:04] [INFO] System: BatteryIQ application started
[2025-10-06 21:15:05] [INFO] Test Authentication: Test Login
[2025-10-06 21:15:05] [INFO] Authentication:  Successful login for user: admin (Role: admin)
[2025-10-06 21:15:05] [INFO] System: BatteryIQ application started
[2025-10-06 21:15:05] [INFO] Navigation: User admin accessing admin dashboard
[2025-10-06 21:15:05] [INFO] Cache: Fetching system statistics
[2025-10-06 21:15:05] [INFO] Cache: Successfully fetched system statistics
[2025-10-06 21:15:05] [INFO] Cache: Fetching clients from database
[2025-10-06 21:15:05] [INFO] Cache: Successfully fetched 2 clients
[2025-10-06 21:15:06] [INFO] Telemetry Monitor: Loading telemetry monitor
[2025-10-06 21:15:06] [INFO] Cache: Fetching devices for client 1
[2025-10-06 21:15:06] [INFO] Cache: Successfully fetched 1 devices
[2025-10-06 21:15:06] [INFO] Cache: Fetching devices for client 2
[2025-10-06 21:15:06] [INFO] Cache: Successfully fetched 0 devices
[2025-10-06 21:15:06] [INFO] Data Gallery: User admin (admin) accessed data gallery
[2025-10-06 21:15:06] [ERROR] Main: Critical error in main router: There are multiple `button` elements with the same auto-generated ID. When this element is created, it is assigned an internal ID based on the element type and provided parameters. Multiple elements with the same type and parameters will cause this error.

To fix this error, please pass a unique `key` argument to the `button` element.
[2025-10-06 21:15:48] [INFO] System: BatteryIQ application started
[2025-10-06 21:15:51] [INFO] System: BatteryIQ application started
[2025-10-06 21:15:51] [INFO] System: BatteryIQ application started
[2025-10-06 21:16:01] [INFO] System: BatteryIQ application started
[2025-10-06 21:16:01] [INFO] Authentication: Login attempt for user: admin
[2025-10-06 21:16:02] [INFO] Authentication: Successful login for user: admin (Role: admin)
[2025-10-06 21:16:03] [INFO] System: BatteryIQ application started
[2025-10-06 21:16:03] [INFO] Navigation: User admin accessing admin dashboard
[2025-10-06 21:16:03] [INFO] Cache: Fetching system statistics
[2025-10-06 21:16:03] [INFO] Cache: Successfully fetched system statistics
[2025-10-06 21:16:03] [INFO] Cache: Fetching clients from database
[2025-10-06 21:16:03] [INFO] Cache: Successfully fetched 2 clients
[2025-10-06 21:16:03] [INFO] Telemetry Monitor: Loading telemetry monitor
[2025-10-06 21:16:03] [INFO] Cache: Fetching devices for client 1
[2025-10-06 21:16:03] [INFO] Cache: Successfully fetched 1 devices
[2025-10-06 21:16:03] [INFO] Cache: Fetching devices for client 2
[2025-10-06 21:16:03] [INFO] Cache: Successfully fetched 0 devices
[2025-10-06 21:16:03] [INFO] Data Gallery: User admin (admin) accessed data gallery
[2025-10-06 21:16:03] [ERROR] Main: Critical error in main router: There are multiple `button` elements with the same auto-generated ID. When this element is created, it is assigned an internal ID based on the element type and provided parameters. Multiple elements with the same type and parameters will cause this error.

To fix this error, please pass a unique `key` argument to the `button` element.
